<?xml version="1.0" encoding="UTF-8"?>
<testng-results skipped="0" failed="0" ignored="0" total="1" passed="1">
  <reporter-output>
  </reporter-output>
  <suite name="Suite" duration-ms="4403" started-at="2019-07-18T12:56:32Z" finished-at="2019-07-18T12:56:36Z">
    <groups>
    </groups>
    <test name="Test" duration-ms="4403" started-at="2019-07-18T12:56:32Z" finished-at="2019-07-18T12:56:36Z">
      <class name="com.weatherapi.WeatherTest">
        <test-method status="PASS" signature="weatherDetail()[pri:0, instance:com.weatherapi.WeatherTest@36d64342]" name="weatherDetail" duration-ms="4333" started-at="2019-07-18T18:26:32Z" finished-at="2019-07-18T18:26:36Z">
          <reporter-output>
          </reporter-output>
        </test-method> <!-- weatherDetail -->
      </class> <!-- com.weatherapi.WeatherTest -->
    </test> <!-- Test -->
  </suite> <!-- Suite -->
</testng-results>
