<?xml version="1.0" encoding="UTF-8"?>
<testng-results skipped="0" failed="0" ignored="0" total="1" passed="1">
  <reporter-output>
  </reporter-output>
  <suite name="Default suite" duration-ms="4762" started-at="2019-07-18T12:39:29Z" finished-at="2019-07-18T12:39:34Z">
    <groups>
    </groups>
    <test name="Default test" duration-ms="4762" started-at="2019-07-18T12:39:29Z" finished-at="2019-07-18T12:39:34Z">
      <class name="com.weatherapi.WeatherTest">
        <test-method status="PASS" signature="weatherDetail()[pri:0, instance:com.weatherapi.WeatherTest@62ee68d8]" name="weatherDetail" duration-ms="4644" started-at="2019-07-18T18:09:29Z" finished-at="2019-07-18T18:09:34Z">
          <reporter-output>
          </reporter-output>
        </test-method> <!-- weatherDetail -->
      </class> <!-- com.weatherapi.WeatherTest -->
    </test> <!-- Default test -->
  </suite> <!-- Default suite -->
</testng-results>
